app/build/intermediates/manifest_merge_blame_file/debug/manifest-merger-blame-debug-report.txt
1<?xml version="1.0" encoding="utf-8"?>
2<!--
3 +++
4<manifest xmlns:android="http://schemas.android.com/apk/res/android"
5	  package="com.almalence.opencam_plus"
6      android:installLocation="auto"
7      android:versionCode="112"
8      android:versionName="3.52">
9+++
10-->
11<!-- -+- -->
12<manifest xmlns:android="http://schemas.android.com/apk/res/android"
13    package="com.almalence.opencam"
14    android:installLocation="auto"
15    android:versionCode="146"
16    android:versionName="3.52" >
17    <!--
18 Uncomment for Samsung market 
19	<uses-permission android:name="com.sec.android.iap.permission.BILLING" />
20    -->
21    <uses-sdk
21-->src/main/AndroidManifest.xml:227:2-228:39
22        android:minSdkVersion="14"
22-->src/main/AndroidManifest.xml:227:13-39
23        android:targetSdkVersion="24" />
23-->src/main/AndroidManifest.xml:228:8-37
24    <!-- -+- -->
25
26    <supports-screens
26-->src/main/AndroidManifest.xml:18:5-23:21
27        android:largeScreens="true"
27-->src/main/AndroidManifest.xml:21:19-46
28        android:normalScreens="true"
28-->src/main/AndroidManifest.xml:20:19-47
29        android:smallScreens="true"
29-->src/main/AndroidManifest.xml:19:19-46
30        android:xlargeScreens="true" />
30-->src/main/AndroidManifest.xml:22:19-47
31
32    <uses-permission android:name="android.permission.CAMERA" />
32-->src/main/AndroidManifest.xml:25:2-62
32-->src/main/AndroidManifest.xml:25:19-59
33
34    <uses-feature
34-->src/main/AndroidManifest.xml:26:3-83
35        android:name="android.hardware.camera"
35-->src/main/AndroidManifest.xml:26:17-55
36        android:required="false" />
36-->src/main/AndroidManifest.xml:26:56-80
37    <uses-feature
37-->src/main/AndroidManifest.xml:27:2-87
38        android:name="android.hardware.camera.front"
38-->src/main/AndroidManifest.xml:27:16-60
39        android:required="false" />
39-->src/main/AndroidManifest.xml:27:61-85
40    <uses-feature
40-->src/main/AndroidManifest.xml:28:3-92
41        android:name="android.hardware.camera.autofocus"
41-->src/main/AndroidManifest.xml:28:17-65
42        android:required="false" />
42-->src/main/AndroidManifest.xml:28:66-90
43    <uses-feature android:glEsVersion="0x00020000" />
43-->src/main/AndroidManifest.xml:29:3-52
43-->src/main/AndroidManifest.xml:29:17-49
44
45    <uses-permission android:name="android.permission.WAKE_LOCK" />
45-->src/main/AndroidManifest.xml:30:2-65
45-->src/main/AndroidManifest.xml:30:19-62
46    <uses-permission android:name="android.permission.WRITE_EXTERNAL_STORAGE" />
46-->src/main/AndroidManifest.xml:31:2-78
46-->src/main/AndroidManifest.xml:31:19-75
47    <uses-permission android:name="android.permission.READ_EXTERNAL_STORAGE" />
47-->src/main/AndroidManifest.xml:32:2-77
47-->src/main/AndroidManifest.xml:32:19-74
48    <uses-permission android:name="android.permission.RECORD_AUDIO" />
48-->src/main/AndroidManifest.xml:33:2-68
48-->src/main/AndroidManifest.xml:33:19-65
49    <uses-permission android:name="android.permission.ACCESS_NETWORK_STATE" />
49-->src/main/AndroidManifest.xml:34:2-75
49-->src/main/AndroidManifest.xml:34:19-73
50    <uses-permission android:name="android.permission.ACCESS_COARSE_LOCATION" />
50-->src/main/AndroidManifest.xml:35:2-78
50-->src/main/AndroidManifest.xml:35:19-75
51    <uses-permission android:name="android.permission.ACCESS_FINE_LOCATION" />
51-->src/main/AndroidManifest.xml:36:2-76
51-->src/main/AndroidManifest.xml:36:19-73
52    <uses-permission android:name="android.permission.ACCESS_WIFI_STATE" />
52-->src/main/AndroidManifest.xml:37:2-73
52-->src/main/AndroidManifest.xml:37:19-70
53    <uses-permission android:name="android.permission.INTERNET" />
53-->src/main/AndroidManifest.xml:38:2-64
53-->src/main/AndroidManifest.xml:38:19-61
54    <uses-permission android:name="android.permission.NFC" />
54-->src/main/AndroidManifest.xml:39:2-59
54-->src/main/AndroidManifest.xml:39:19-56
55    <uses-permission android:name="android.permission.CHANGE_WIFI_STATE" />
55-->src/main/AndroidManifest.xml:40:5-76
55-->src/main/AndroidManifest.xml:40:22-73
56    <!-- -+- -->
57    <uses-permission android:name="com.android.vending.BILLING" />
57-->src/main/AndroidManifest.xml:42:2-63
57-->src/main/AndroidManifest.xml:42:19-61
58    <uses-permission android:name="org.onepf.openiab.permission.BILLING" />
58-->src/main/AndroidManifest.xml:43:2-72
58-->src/main/AndroidManifest.xml:43:19-70
59    <!-- -+- -->
60    <application
60-->src/main/AndroidManifest.xml:46:5-220:16
61        android:debuggable="true"
62        android:hardwareAccelerated="true"
62-->src/main/AndroidManifest.xml:46:81-115
63        android:icon="@drawable/icon"
63-->src/main/AndroidManifest.xml:46:18-47
64        android:label="@string/app_name"
64-->src/main/AndroidManifest.xml:46:48-80
65        android:largeHeap="true"
65-->src/main/AndroidManifest.xml:46:116-140
66        android:testOnly="true" >
67
68        <!-- android:debuggable="true"> -->
69
70
71        <!--
72        +++
73   		<activity android:name="com.almalence.opencam_plus.MainScreen"
74                  android:label="@string/app_name"
75                  android:theme="@style/AlmalenceOpenCameraTheme"
76                  android:screenOrientation="portrait">
77		+++
78        -->
79        <!-- -+- -->
80        <activity
80-->src/main/AndroidManifest.xml:56:3-78:20
81            android:name="com.almalence.opencam.MainScreen"
81-->src/main/AndroidManifest.xml:56:13-60
82            android:label="@string/app_name"
82-->src/main/AndroidManifest.xml:57:19-51
83            android:launchMode="singleInstance"
83-->src/main/AndroidManifest.xml:58:19-54
84            android:screenOrientation="portrait"
84-->src/main/AndroidManifest.xml:60:19-55
85            android:theme="@style/AlmalenceOpenCameraTheme" >
85-->src/main/AndroidManifest.xml:59:19-66
86
87            <!-- -+- -->
88
89            <intent-filter>
89-->src/main/AndroidManifest.xml:63:13-66:29
90                <action android:name="android.intent.action.MAIN" />
90-->src/main/AndroidManifest.xml:64:17-69
90-->src/main/AndroidManifest.xml:64:25-66
91
92                <category android:name="android.intent.category.LAUNCHER" />
92-->src/main/AndroidManifest.xml:65:17-77
92-->src/main/AndroidManifest.xml:65:27-74
93            </intent-filter>
94            <intent-filter>
94-->src/main/AndroidManifest.xml:68:13-72:29
95                <action android:name="android.media.action.IMAGE_CAPTURE" />
95-->src/main/AndroidManifest.xml:69:17-77
95-->src/main/AndroidManifest.xml:69:25-74
96                <action android:name="android.media.action.STILL_IMAGE_CAMERA_SECURE" />
96-->src/main/AndroidManifest.xml:70:17-89
96-->src/main/AndroidManifest.xml:70:25-86
97
98                <category android:name="android.intent.category.DEFAULT" />
98-->src/main/AndroidManifest.xml:71:17-76
98-->src/main/AndroidManifest.xml:71:27-73
99            </intent-filter>
100            <intent-filter>
100-->src/main/AndroidManifest.xml:74:13-77:29
101                <action android:name="android.media.action.STILL_IMAGE_CAMERA" />
101-->src/main/AndroidManifest.xml:75:17-82
101-->src/main/AndroidManifest.xml:75:25-79
102
103                <category android:name="android.intent.category.DEFAULT" />
103-->src/main/AndroidManifest.xml:71:17-76
103-->src/main/AndroidManifest.xml:71:27-73
104            </intent-filter>
105        </activity>
106
107        <!--
108        +++
109   		<activity android:name="com.almalence.opencam_plus.Processing"
110		        		android:label="Processing"
111        				android:theme="@android:style/Theme.NoTitleBar.Fullscreen"/>
112        				
113		<activity android:name="com.almalence.opencam_plus.Preferences"
114				        android:label="@string/app_name"
115				        android:icon="@drawable/gui_almalence_settings_more_settings"
116				        android:hardwareAccelerated="true"/>
117				        
118		<activity android:name="com.almalence.opencam_plus.FolderPicker"
119		        		android:label="@string/choose_folder"/>
120		        		
121		<activity android:name="com.almalence.opencam_plus.FolderPickerLollipop"
122		        		android:label="@string/choose_folder"/>
123		+++
124        -->
125        <!-- -+- -->
126        <activity
126-->src/main/AndroidManifest.xml:97:3-99:73
127            android:name="com.almalence.opencam.Processing"
127-->src/main/AndroidManifest.xml:97:13-60
128            android:label="Processing"
128-->src/main/AndroidManifest.xml:98:13-39
129            android:theme="@android:style/Theme.NoTitleBar.Fullscreen" />
129-->src/main/AndroidManifest.xml:99:13-71
130        <activity
130-->src/main/AndroidManifest.xml:101:3-104:49
131            android:name="com.almalence.opencam.Preferences"
131-->src/main/AndroidManifest.xml:101:13-61
132            android:hardwareAccelerated="true"
132-->src/main/AndroidManifest.xml:104:13-47
133            android:icon="@drawable/gui_almalence_settings_more_settings"
133-->src/main/AndroidManifest.xml:103:13-74
134            android:label="@string/app_name" />
134-->src/main/AndroidManifest.xml:102:13-45
135        <activity
135-->src/main/AndroidManifest.xml:106:3-107:52
136            android:name="com.almalence.opencam.FolderPicker"
136-->src/main/AndroidManifest.xml:106:13-62
137            android:label="@string/choose_folder" />
137-->src/main/AndroidManifest.xml:107:13-50
138        <activity
138-->src/main/AndroidManifest.xml:109:3-110:52
139            android:name="com.almalence.opencam.FolderPickerLollipop"
139-->src/main/AndroidManifest.xml:109:13-70
140            android:label="@string/choose_folder" />
140-->src/main/AndroidManifest.xml:110:13-50
141        <!-- -+- -->
142
143        <activity
143-->src/main/AndroidManifest.xml:114:3-115:73
144            android:name="com.almalence.plugins.processing.hdr.ActivityAdjustments"
144-->src/main/AndroidManifest.xml:114:13-84
145            android:theme="@android:style/Theme.NoTitleBar.Fullscreen" />
145-->src/main/AndroidManifest.xml:115:13-71
146
147        <receiver android:name="com.almalence.opencam.HWButtonStart" >
147-->src/main/AndroidManifest.xml:117:3-122:14
147-->src/main/AndroidManifest.xml:117:13-42
148            <intent-filter android:priority="1000" >
148-->src/main/AndroidManifest.xml:118:7-121:23
148-->src/main/AndroidManifest.xml:118:22-45
149                <action android:name="android.intent.action.CAMERA_BUTTON" />
149-->src/main/AndroidManifest.xml:119:11-72
149-->src/main/AndroidManifest.xml:119:19-69
150
151                <category android:name="android.intent.category.DEFAULT" />
151-->src/main/AndroidManifest.xml:71:17-76
151-->src/main/AndroidManifest.xml:71:27-73
152            </intent-filter>
153        </receiver>
154
155        <!--
156        +++
157		<receiver android:name="com.almalence.opencam_plus.AlarmReceiver"></receiver>
158		+++
159        -->
160        <!-- -+- -->
161        <receiver android:name="com.almalence.opencam.AlarmReceiver" />
161-->src/main/AndroidManifest.xml:128:3-75
161-->src/main/AndroidManifest.xml:128:13-63
162        <!-- -+- -->
163
164
165        <!--
166        +++
167		<service
168            android:name="com.almalence.opencam_plus.ProcessingService"
169            android:exported="false"/>
170		<service
171            android:name="com.almalence.opencam_plus.SavingService"
172            android:exported="false"/>
173		+++
174        -->
175        <!-- -+- -->
176        <service
176-->src/main/AndroidManifest.xml:140:3-142:39
177            android:name="com.almalence.opencam.ProcessingService"
177-->src/main/AndroidManifest.xml:141:13-67
178            android:exported="false" />
178-->src/main/AndroidManifest.xml:142:13-37
179        <service
179-->src/main/AndroidManifest.xml:143:3-145:39
180            android:name="com.almalence.opencam.SavingService"
180-->src/main/AndroidManifest.xml:144:13-63
181            android:exported="false" />
181-->src/main/AndroidManifest.xml:145:13-37
182        <!-- -+- -->
183
184
185        <!--
186        Uncomment for Amazon market 1st part 
187		<receiver android:name="com.amazon.inapp.purchasing.ResponseReceiver">
188	    	<intent-filter>
189	        	<action
190	            	android:name="com.amazon.inapp.purchasing.NOTIFY"
191	            	android:permission="com.amazon.inapp.purchasing.Permission.NOTIFY"
192	    	    />
193		    </intent-filter>
194		</receiver>
195        -->
196
197        <activity
197-->src/main/AndroidManifest.xml:159:3-165:14
198            android:name="com.almalence.widget.OpenCameraWidgetConfigureActivity"
198-->src/main/AndroidManifest.xml:159:13-82
199            android:label="@string/app_name"
199-->src/main/AndroidManifest.xml:160:13-45
200            android:theme="@android:style/Theme.Holo.NoActionBar.Fullscreen" >
200-->src/main/AndroidManifest.xml:161:19-83
201            <intent-filter>
201-->src/main/AndroidManifest.xml:162:7-164:23
202                <action android:name="android.appwidget.action.APPWIDGET_CONFIGURE" />
202-->src/main/AndroidManifest.xml:163:11-80
202-->src/main/AndroidManifest.xml:163:19-78
203            </intent-filter>
204        </activity>
205        <activity
205-->src/main/AndroidManifest.xml:167:3-173:14
206            android:name="com.almalence.widget.OpenCameraSolidWidgetConfigureActivity"
206-->src/main/AndroidManifest.xml:167:13-87
207            android:label="@string/app_name"
207-->src/main/AndroidManifest.xml:168:13-45
208            android:theme="@android:style/Theme.Holo.NoActionBar.Fullscreen" >
208-->src/main/AndroidManifest.xml:169:19-83
209            <intent-filter>
209-->src/main/AndroidManifest.xml:162:7-164:23
210                <action android:name="android.appwidget.action.APPWIDGET_CONFIGURE" />
210-->src/main/AndroidManifest.xml:163:11-80
210-->src/main/AndroidManifest.xml:163:19-78
211            </intent-filter>
212        </activity>
213
214        <!-- WIDGET PROVIDERS -->
215        <receiver
215-->src/main/AndroidManifest.xml:177:3-185:14
216            android:name="com.almalence.widget.OpenCameraWidgetProvider"
216-->src/main/AndroidManifest.xml:177:13-73
217            android:label="@string/widgetName" >
217-->src/main/AndroidManifest.xml:178:10-44
218            <intent-filter>
218-->src/main/AndroidManifest.xml:179:7-182:23
219                <action android:name="android.appwidget.action.APPWIDGET_UPDATE" />
219-->src/main/AndroidManifest.xml:180:11-78
219-->src/main/AndroidManifest.xml:180:19-75
220                <action android:name="android.appwidget.action.APPWIDGET_OPTIONS_CHANGED" />
220-->src/main/AndroidManifest.xml:181:11-86
220-->src/main/AndroidManifest.xml:181:19-84
221            </intent-filter>
222
223            <meta-data
223-->src/main/AndroidManifest.xml:183:6-184:68
224                android:name="android.appwidget.provider"
224-->src/main/AndroidManifest.xml:183:17-58
225                android:resource="@xml/opencamera_appwidget_info" />
225-->src/main/AndroidManifest.xml:184:16-65
226        </receiver>
227        <receiver
227-->src/main/AndroidManifest.xml:187:3-195:14
228            android:name="com.almalence.widget.OpenCameraSolidWidgetProvider"
228-->src/main/AndroidManifest.xml:187:13-78
229            android:label="@string/widgetSolidName" >
229-->src/main/AndroidManifest.xml:188:10-49
230            <intent-filter>
230-->src/main/AndroidManifest.xml:179:7-182:23
231                <action android:name="android.appwidget.action.APPWIDGET_UPDATE" />
231-->src/main/AndroidManifest.xml:180:11-78
231-->src/main/AndroidManifest.xml:180:19-75
232                <action android:name="android.appwidget.action.APPWIDGET_OPTIONS_CHANGED" />
232-->src/main/AndroidManifest.xml:181:11-86
232-->src/main/AndroidManifest.xml:181:19-84
233            </intent-filter>
234
235            <meta-data
235-->src/main/AndroidManifest.xml:183:6-184:68
236                android:name="android.appwidget.provider"
236-->src/main/AndroidManifest.xml:183:17-58
237                android:resource="@xml/opencamera_appsolidwidget_info" />
237-->src/main/AndroidManifest.xml:184:16-65
238        </receiver>
239        <receiver
239-->src/main/AndroidManifest.xml:197:3-205:14
240            android:name="com.almalence.widget.OpenCameraFullSolidWidgetProvider"
240-->src/main/AndroidManifest.xml:197:13-82
241            android:label="@string/widgetFullSolidName" >
241-->src/main/AndroidManifest.xml:198:10-53
242            <intent-filter>
242-->src/main/AndroidManifest.xml:179:7-182:23
243                <action android:name="android.appwidget.action.APPWIDGET_UPDATE" />
243-->src/main/AndroidManifest.xml:180:11-78
243-->src/main/AndroidManifest.xml:180:19-75
244                <action android:name="android.appwidget.action.APPWIDGET_OPTIONS_CHANGED" />
244-->src/main/AndroidManifest.xml:181:11-86
244-->src/main/AndroidManifest.xml:181:19-84
245            </intent-filter>
246
247            <meta-data
247-->src/main/AndroidManifest.xml:183:6-184:68
248                android:name="android.appwidget.provider"
248-->src/main/AndroidManifest.xml:183:17-58
249                android:resource="@xml/opencamera_appfullsolidwidget_info" />
249-->src/main/AndroidManifest.xml:184:16-65
250        </receiver>
251
252        <!-- WIDGET SERVICES -->
253        <service
253-->src/main/AndroidManifest.xml:208:3-210:36
254            android:name="com.almalence.widget.OpenCameraWidgetService"
254-->src/main/AndroidManifest.xml:208:12-71
255            android:exported="false"
255-->src/main/AndroidManifest.xml:210:9-33
256            android:permission="android.permission.BIND_REMOTEVIEWS" />
256-->src/main/AndroidManifest.xml:209:9-65
257        <service
257-->src/main/AndroidManifest.xml:212:3-214:36
258            android:name="com.almalence.widget.OpenCameraSolidWidgetService"
258-->src/main/AndroidManifest.xml:212:12-76
259            android:exported="false"
259-->src/main/AndroidManifest.xml:214:9-33
260            android:permission="android.permission.BIND_REMOTEVIEWS" />
260-->src/main/AndroidManifest.xml:213:9-65
261        <service
261-->src/main/AndroidManifest.xml:216:3-218:36
262            android:name="com.almalence.widget.OpenCameraFullSolidWidgetService"
262-->src/main/AndroidManifest.xml:216:12-80
263            android:exported="false"
263-->src/main/AndroidManifest.xml:218:9-33
264            android:permission="android.permission.BIND_REMOTEVIEWS" />
264-->src/main/AndroidManifest.xml:217:9-65
265    </application>
266
267</manifest>